# JRE version: Java(TM) SE Runtime Environment (8.0_40-b26) (build 1.8.0_40-b26)
# Java VM: Java HotSpot(TM) Client VM (25.40-b25 mixed mode, sharing windows-x86 )
Heap:
 def new generation   total 4928K, used 693K [0x03e00000, 0x04350000, 0x09350000)
  eden space 4416K,   4% used [0x03e00000, 0x03e2d780, 0x04250000)
  from space 512K, 100% used [0x042d0000, 0x04350000, 0x04350000)
  to   space 512K,   0% used [0x04250000, 0x04250000, 0x042d0000)
 tenured generation   total 10944K, used 1630K [0x09350000, 0x09e00000, 0x13e00000)
   the space 10944K,  14% used [0x09350000, 0x094e7968, 0x094e7a00, 0x09e00000)
 Metaspace       used 1636K, capacity 3122K, committed 3136K, reserved 4480K
GC Heap History (10 events):
Event: 0.299 GC heap before
{Heap before GC invocations=0 (full 0):
 def new generation   total 4928K, used 4403K [0x03e00000, 0x04350000, 0x09350000)
  eden space 4416K,  99% used [0x03e00000, 0x0424cc08, 0x04250000)
  from space 512K,   0% used [0x04250000, 0x04250000, 0x042d0000)
  to   space 512K,   0% used [0x042d0000, 0x042d0000, 0x04350000)
 tenured generation   total 10944K, used 0K [0x09350000, 0x09e00000, 0x13e00000)
   the space 10944K,   0% used [0x09350000, 0x09350000, 0x09350200, 0x09e00000)
 Metaspace       used 387K, capacity 2372K, committed 2496K, reserved 4480K
Event: 0.305 GC heap after
Heap after GC invocations=1 (full 0):
 def new generation   total 4928K, used 512K [0x03e00000, 0x04350000, 0x09350000)
  eden space 4416K,   0% used [0x03e00000, 0x03e00000, 0x04250000)
  from space 512K, 100% used [0x042d0000, 0x04350000, 0x04350000)
  to   space 512K,   0% used [0x04250000, 0x04250000, 0x042d0000)
 tenured generation   total 10944K, used 269K [0x09350000, 0x09e00000, 0x13e00000)
   the space 10944K,   2% used [0x09350000, 0x093935e0, 0x09393600, 0x09e00000)
 Metaspace       used 387K, capacity 2372K, committed 2496K, reserved 4480K
}
Event: 0.323 GC heap before
{Heap before GC invocations=1 (full 0):
 def new generation   total 4928K, used 4917K [0x03e00000, 0x04350000, 0x09350000)
  eden space 4416K,  99% used [0x03e00000, 0x0424d458, 0x04250000)
  from space 512K, 100% used [0x042d0000, 0x04350000, 0x04350000)
  to   space 512K,   0% used [0x04250000, 0x04250000, 0x042d0000)
 tenured generation   total 10944K, used 269K [0x09350000, 0x09e00000, 0x13e00000)
   the space 10944K,   2% used [0x09350000, 0x093935e0, 0x09393600, 0x09e00000)
 Metaspace       used 402K, capacity 2407K, committed 2496K, reserved 4480K
Event: 0.326 GC heap after
Heap after GC invocations=2 (full 0):
 def new generation   total 4928K, used 51K [0x03e00000, 0x04350000, 0x09350000)
  eden space 4416K,   0% used [0x03e00000, 0x03e00000, 0x04250000)
  from space 512K,  10% used [0x04250000, 0x0425cd40, 0x042d0000)
  to   space 512K,   0% used [0x042d0000, 0x042d0000, 0x04350000)
 tenured generation   total 10944K, used 762K [0x09350000, 0x09e00000, 0x13e00000)
   the space 10944K,   6% used [0x09350000, 0x0940e8f0, 0x0940ea00, 0x09e00000)
 Metaspace       used 402K, capacity 2407K, committed 2496K, reserved 4480K
}
Event: 0.331 GC heap before
{Heap before GC invocations=2 (full 0):
 def new generation   total 4928K, used 4461K [0x03e00000, 0x04350000, 0x09350000)
  eden space 4416K,  99% used [0x03e00000, 0x0424e708, 0x04250000)
  from space 512K,  10% used [0x04250000, 0x0425cd40, 0x042d0000)
  to   space 512K,   0% used [0x042d0000, 0x042d0000, 0x04350000)
 tenured generation   total 10944K, used 762K [0x09350000, 0x09e00000, 0x13e00000)
   the space 10944K,   6% used [0x09350000, 0x0940e8f0, 0x0940ea00, 0x09e00000)
 Metaspace       used 404K, capacity 2412K, committed 2496K, reserved 4480K
Event: 0.332 GC heap after
Heap after GC invocations=3 (full 0):
 def new generation   total 4928K, used 78K [0x03e00000, 0x04350000, 0x09350000)
  eden space 4416K,   0% used [0x03e00000, 0x03e00000, 0x04250000)
  from space 512K,  15% used [0x042d0000, 0x042e3988, 0x04350000)
  to   space 512K,   0% used [0x04250000, 0x04250000, 0x042d0000)
 tenured generation   total 10944K, used 762K [0x09350000, 0x09e00000, 0x13e00000)
   the space 10944K,   6% used [0x09350000, 0x0940e8f0, 0x0940ea00, 0x09e00000)
 Metaspace       used 404K, capacity 2412K, committed 2496K, reserved 4480K
}
Event: 0.376 GC heap before
{Heap before GC invocations=3 (full 0):
 def new generation   total 4928K, used 4494K [0x03e00000, 0x04350000, 0x09350000)
  eden space 4416K, 100% used [0x03e00000, 0x04250000, 0x04250000)
  from space 512K,  15% used [0x042d0000, 0x042e3988, 0x04350000)
  to   space 512K,   0% used [0x04250000, 0x04250000, 0x042d0000)
 tenured generation   total 10944K, used 762K [0x09350000, 0x09e00000, 0x13e00000)
   the space 10944K,   6% used [0x09350000, 0x0940e8f0, 0x0940ea00, 0x09e00000)
 Metaspace       used 564K, capacity 2536K, committed 2624K, reserved 4480K
Event: 0.378 GC heap after
Heap after GC invocations=4 (full 0):
 def new generation   total 4928K, used 405K [0x03e00000, 0x04350000, 0x09350000)
  eden space 4416K,   0% used [0x03e00000, 0x03e00000, 0x04250000)
  from space 512K,  79% used [0x04250000, 0x042b5740, 0x042d0000)
  to   space 512K,   0% used [0x042d0000, 0x042d0000, 0x04350000)
 tenured generation   total 10944K, used 762K [0x09350000, 0x09e00000, 0x13e00000)
   the space 10944K,   6% used [0x09350000, 0x0940e8f0, 0x0940ea00, 0x09e00000)
 Metaspace       used 564K, capacity 2536K, committed 2624K, reserved 4480K
}
Event: 0.597 GC heap before
{Heap before GC invocations=4 (full 0):
 def new generation   total 4928K, used 4821K [0x03e00000, 0x04350000, 0x09350000)
  eden space 4416K, 100% used [0x03e00000, 0x04250000, 0x04250000)
  from space 512K,  79% used [0x04250000, 0x042b5740, 0x042d0000)
  to   space 512K,   0% used [0x042d0000, 0x042d0000, 0x04350000)
 tenured generation   total 10944K, used 762K [0x09350000, 0x09e00000, 0x13e00000)
   the space 10944K,   6% used [0x09350000, 0x0940e8f0, 0x0940ea00, 0x09e00000)
 Metaspace       used 1611K, capacity 3122K, committed 3136K, reserved 4480K
Event: 0.604 GC heap after
Heap after GC invocations=5 (full 0):
 def new generation   total 4928K, used 512K [0x03e00000, 0x04350000, 0x09350000)
  eden space 4416K,   0% used [0x03e00000, 0x03e00000, 0x04250000)
  from space 512K, 100% used [0x042d0000, 0x04350000, 0x04350000)
  to   space 512K,   0% used [0x04250000, 0x04250000, 0x042d0000)
 tenured generation   total 10944K, used 1630K [0x09350000, 0x09e00000, 0x13e00000)
   the space 10944K,  14% used [0x09350000, 0x094e7968, 0x094e7a00, 0x09e00000)
 Metaspace       used 1611K, capacity 3122K, committed 3136K, reserved 4480K
}

