# JRE version: Java(TM) SE Runtime Environment (8.0_40-b26) (build 1.8.0_40-b26)
# Java VM: Java HotSpot(TM) Client VM (25.40-b25 mixed mode, sharing windows-x86 )
Heap:
 def new generation   total 4928K, used 2382K [0x03c00000, 0x04150000, 0x09150000)
  eden space 4416K,  42% used [0x03c00000, 0x03dd3b28, 0x04050000)
  from space 512K, 100% used [0x040d0000, 0x04150000, 0x04150000)
  to   space 512K,   0% used [0x04050000, 0x04050000, 0x040d0000)
 tenured generation   total 10944K, used 1524K [0x09150000, 0x09c00000, 0x13c00000)
   the space 10944K,  13% used [0x09150000, 0x092cd160, 0x092cd200, 0x09c00000)
 Metaspace       used 1872K, capacity 3346K, committed 3392K, reserved 4480K
GC Heap History (10 events):
Event: 0.171 GC heap before
{Heap before GC invocations=0 (full 0):
 def new generation   total 4928K, used 4414K [0x03c00000, 0x04150000, 0x09150000)
  eden space 4416K,  99% used [0x03c00000, 0x0404fa80, 0x04050000)
  from space 512K,   0% used [0x04050000, 0x04050000, 0x040d0000)
  to   space 512K,   0% used [0x040d0000, 0x040d0000, 0x04150000)
 tenured generation   total 10944K, used 0K [0x09150000, 0x09c00000, 0x13c00000)
   the space 10944K,   0% used [0x09150000, 0x09150000, 0x09150200, 0x09c00000)
 Metaspace       used 85K, capacity 2280K, committed 2368K, reserved 4480K
Event: 0.174 GC heap after
Heap after GC invocations=1 (full 0):
 def new generation   total 4928K, used 512K [0x03c00000, 0x04150000, 0x09150000)
  eden space 4416K,   0% used [0x03c00000, 0x03c00000, 0x04050000)
  from space 512K, 100% used [0x040d0000, 0x04150000, 0x04150000)
  to   space 512K,   0% used [0x04050000, 0x04050000, 0x040d0000)
 tenured generation   total 10944K, used 126K [0x09150000, 0x09c00000, 0x13c00000)
   the space 10944K,   1% used [0x09150000, 0x0916fb80, 0x0916fc00, 0x09c00000)
 Metaspace       used 85K, capacity 2280K, committed 2368K, reserved 4480K
}
Event: 0.179 GC heap before
{Heap before GC invocations=1 (full 0):
 def new generation   total 4928K, used 4902K [0x03c00000, 0x04150000, 0x09150000)
  eden space 4416K,  99% used [0x03c00000, 0x04049820, 0x04050000)
  from space 512K, 100% used [0x040d0000, 0x04150000, 0x04150000)
  to   space 512K,   0% used [0x04050000, 0x04050000, 0x040d0000)
 tenured generation   total 10944K, used 126K [0x09150000, 0x09c00000, 0x13c00000)
   the space 10944K,   1% used [0x09150000, 0x0916fb80, 0x0916fc00, 0x09c00000)
 Metaspace       used 87K, capacity 2280K, committed 2368K, reserved 4480K
Event: 0.181 GC heap after
Heap after GC invocations=2 (full 0):
 def new generation   total 4928K, used 45K [0x03c00000, 0x04150000, 0x09150000)
  eden space 4416K,   0% used [0x03c00000, 0x03c00000, 0x04050000)
  from space 512K,   8% used [0x04050000, 0x0405b558, 0x040d0000)
  to   space 512K,   0% used [0x040d0000, 0x040d0000, 0x04150000)
 tenured generation   total 10944K, used 615K [0x09150000, 0x09c00000, 0x13c00000)
   the space 10944K,   5% used [0x09150000, 0x091e9f10, 0x091ea000, 0x09c00000)
 Metaspace       used 87K, capacity 2280K, committed 2368K, reserved 4480K
}
Event: 0.244 GC heap before
{Heap before GC invocations=2 (full 0):
 def new generation   total 4928K, used 4459K [0x03c00000, 0x04150000, 0x09150000)
  eden space 4416K,  99% used [0x03c00000, 0x0404f850, 0x04050000)
  from space 512K,   8% used [0x04050000, 0x0405b558, 0x040d0000)
  to   space 512K,   0% used [0x040d0000, 0x040d0000, 0x04150000)
 tenured generation   total 10944K, used 615K [0x09150000, 0x09c00000, 0x13c00000)
   the space 10944K,   5% used [0x09150000, 0x091e9f10, 0x091ea000, 0x09c00000)
 Metaspace       used 354K, capacity 2325K, committed 2368K, reserved 4480K
Event: 0.246 GC heap after
Heap after GC invocations=3 (full 0):
 def new generation   total 4928K, used 159K [0x03c00000, 0x04150000, 0x09150000)
  eden space 4416K,   0% used [0x03c00000, 0x03c00000, 0x04050000)
  from space 512K,  31% used [0x040d0000, 0x040f7c38, 0x04150000)
  to   space 512K,   0% used [0x04050000, 0x04050000, 0x040d0000)
 tenured generation   total 10944K, used 615K [0x09150000, 0x09c00000, 0x13c00000)
   the space 10944K,   5% used [0x09150000, 0x091e9f10, 0x091ea000, 0x09c00000)
 Metaspace       used 354K, capacity 2325K, committed 2368K, reserved 4480K
}
Event: 0.303 GC heap before
{Heap before GC invocations=3 (full 0):
 def new generation   total 4928K, used 4575K [0x03c00000, 0x04150000, 0x09150000)
  eden space 4416K, 100% used [0x03c00000, 0x04050000, 0x04050000)
  from space 512K,  31% used [0x040d0000, 0x040f7c38, 0x04150000)
  to   space 512K,   0% used [0x04050000, 0x04050000, 0x040d0000)
 tenured generation   total 10944K, used 615K [0x09150000, 0x09c00000, 0x13c00000)
   the space 10944K,   5% used [0x09150000, 0x091e9f10, 0x091ea000, 0x09c00000)
 Metaspace       used 598K, capacity 2599K, committed 2624K, reserved 4480K
Event: 0.306 GC heap after
Heap after GC invocations=4 (full 0):
 def new generation   total 4928K, used 473K [0x03c00000, 0x04150000, 0x09150000)
  eden space 4416K,   0% used [0x03c00000, 0x03c00000, 0x04050000)
  from space 512K,  92% used [0x04050000, 0x040c6628, 0x040d0000)
  to   space 512K,   0% used [0x040d0000, 0x040d0000, 0x04150000)
 tenured generation   total 10944K, used 663K [0x09150000, 0x09c00000, 0x13c00000)
   the space 10944K,   6% used [0x09150000, 0x091f5e00, 0x091f5e00, 0x09c00000)
 Metaspace       used 598K, capacity 2599K, committed 2624K, reserved 4480K
}
Event: 0.487 GC heap before
{Heap before GC invocations=4 (full 0):
 def new generation   total 4928K, used 4889K [0x03c00000, 0x04150000, 0x09150000)
  eden space 4416K, 100% used [0x03c00000, 0x04050000, 0x04050000)
  from space 512K,  92% used [0x04050000, 0x040c6628, 0x040d0000)
  to   space 512K,   0% used [0x040d0000, 0x040d0000, 0x04150000)
 tenured generation   total 10944K, used 663K [0x09150000, 0x09c00000, 0x13c00000)
   the space 10944K,   6% used [0x09150000, 0x091f5e00, 0x091f5e00, 0x09c00000)
 Metaspace       used 1486K, capacity 3122K, committed 3136K, reserved 4480K
Event: 0.494 GC heap after
Heap after GC invocations=5 (full 0):
 def new generation   total 4928K, used 512K [0x03c00000, 0x04150000, 0x09150000)
  eden space 4416K,   0% used [0x03c00000, 0x03c00000, 0x04050000)
  from space 512K, 100% used [0x040d0000, 0x04150000, 0x04150000)
  to   space 512K,   0% used [0x04050000, 0x04050000, 0x040d0000)
 tenured generation   total 10944K, used 1524K [0x09150000, 0x09c00000, 0x13c00000)
   the space 10944K,  13% used [0x09150000, 0x092cd160, 0x092cd200, 0x09c00000)
 Metaspace       used 1486K, capacity 3122K, committed 3136K, reserved 4480K
}

