# JRE version: Java(TM) SE Runtime Environment (8.0_40-b26) (build 1.8.0_40-b26)
# Java VM: Java HotSpot(TM) Client VM (25.40-b25 mixed mode, sharing windows-x86 )
Heap:
 def new generation   total 4928K, used 2331K [0x03c00000, 0x04150000, 0x09150000)
  eden space 4416K,  41% used [0x03c00000, 0x03dc6e20, 0x04050000)
  from space 512K, 100% used [0x040d0000, 0x04150000, 0x04150000)
  to   space 512K,   0% used [0x04050000, 0x04050000, 0x040d0000)
 tenured generation   total 10944K, used 1524K [0x09150000, 0x09c00000, 0x13c00000)
   the space 10944K,  13% used [0x09150000, 0x092cd120, 0x092cd200, 0x09c00000)
 Metaspace       used 1856K, capacity 3346K, committed 3392K, reserved 4480K
GC Heap History (10 events):
Event: 0.125 GC heap before
{Heap before GC invocations=0 (full 0):
 def new generation   total 4928K, used 4404K [0x03c00000, 0x04150000, 0x09150000)
  eden space 4416K,  99% used [0x03c00000, 0x0404d338, 0x04050000)
  from space 512K,   0% used [0x04050000, 0x04050000, 0x040d0000)
  to   space 512K,   0% used [0x040d0000, 0x040d0000, 0x04150000)
 tenured generation   total 10944K, used 0K [0x09150000, 0x09c00000, 0x13c00000)
   the space 10944K,   0% used [0x09150000, 0x09150000, 0x09150200, 0x09c00000)
 Metaspace       used 76K, capacity 2280K, committed 2368K, reserved 4480K
Event: 0.128 GC heap after
Heap after GC invocations=1 (full 0):
 def new generation   total 4928K, used 512K [0x03c00000, 0x04150000, 0x09150000)
  eden space 4416K,   0% used [0x03c00000, 0x03c00000, 0x04050000)
  from space 512K, 100% used [0x040d0000, 0x04150000, 0x04150000)
  to   space 512K,   0% used [0x04050000, 0x04050000, 0x040d0000)
 tenured generation   total 10944K, used 114K [0x09150000, 0x09c00000, 0x13c00000)
   the space 10944K,   1% used [0x09150000, 0x0916cb68, 0x0916cc00, 0x09c00000)
 Metaspace       used 76K, capacity 2280K, committed 2368K, reserved 4480K
}
Event: 0.132 GC heap before
{Heap before GC invocations=1 (full 0):
 def new generation   total 4928K, used 4924K [0x03c00000, 0x04150000, 0x09150000)
  eden space 4416K,  99% used [0x03c00000, 0x0404f038, 0x04050000)
  from space 512K, 100% used [0x040d0000, 0x04150000, 0x04150000)
  to   space 512K,   0% used [0x04050000, 0x04050000, 0x040d0000)
 tenured generation   total 10944K, used 114K [0x09150000, 0x09c00000, 0x13c00000)
   the space 10944K,   1% used [0x09150000, 0x0916cb68, 0x0916cc00, 0x09c00000)
 Metaspace       used 77K, capacity 2280K, committed 2368K, reserved 4480K
Event: 0.134 GC heap after
Heap after GC invocations=2 (full 0):
 def new generation   total 4928K, used 36K [0x03c00000, 0x04150000, 0x09150000)
  eden space 4416K,   0% used [0x03c00000, 0x03c00000, 0x04050000)
  from space 512K,   7% used [0x04050000, 0x04059168, 0x040d0000)
  to   space 512K,   0% used [0x040d0000, 0x040d0000, 0x04150000)
 tenured generation   total 10944K, used 605K [0x09150000, 0x09c00000, 0x13c00000)
   the space 10944K,   5% used [0x09150000, 0x091e76b0, 0x091e7800, 0x09c00000)
 Metaspace       used 77K, capacity 2280K, committed 2368K, reserved 4480K
}
Event: 0.142 GC heap before
{Heap before GC invocations=2 (full 0):
 def new generation   total 4928K, used 4424K [0x03c00000, 0x04150000, 0x09150000)
  eden space 4416K,  99% used [0x03c00000, 0x04049260, 0x04050000)
  from space 512K,   7% used [0x04050000, 0x04059168, 0x040d0000)
  to   space 512K,   0% used [0x040d0000, 0x040d0000, 0x04150000)
 tenured generation   total 10944K, used 605K [0x09150000, 0x09c00000, 0x13c00000)
   the space 10944K,   5% used [0x09150000, 0x091e76b0, 0x091e7800, 0x09c00000)
 Metaspace       used 87K, capacity 2280K, committed 2368K, reserved 4480K
Event: 0.143 GC heap after
Heap after GC invocations=3 (full 0):
 def new generation   total 4928K, used 58K [0x03c00000, 0x04150000, 0x09150000)
  eden space 4416K,   0% used [0x03c00000, 0x03c00000, 0x04050000)
  from space 512K,  11% used [0x040d0000, 0x040de970, 0x04150000)
  to   space 512K,   0% used [0x04050000, 0x04050000, 0x040d0000)
 tenured generation   total 10944K, used 605K [0x09150000, 0x09c00000, 0x13c00000)
   the space 10944K,   5% used [0x09150000, 0x091e76b0, 0x091e7800, 0x09c00000)
 Metaspace       used 87K, capacity 2280K, committed 2368K, reserved 4480K
}
Event: 0.207 GC heap before
{Heap before GC invocations=3 (full 0):
 def new generation   total 4928K, used 4474K [0x03c00000, 0x04150000, 0x09150000)
  eden space 4416K, 100% used [0x03c00000, 0x04050000, 0x04050000)
  from space 512K,  11% used [0x040d0000, 0x040de970, 0x04150000)
  to   space 512K,   0% used [0x04050000, 0x04050000, 0x040d0000)
 tenured generation   total 10944K, used 605K [0x09150000, 0x09c00000, 0x13c00000)
   the space 10944K,   5% used [0x09150000, 0x091e76b0, 0x091e7800, 0x09c00000)
 Metaspace       used 666K, capacity 2615K, committed 2624K, reserved 4480K
Event: 0.209 GC heap after
Heap after GC invocations=4 (full 0):
 def new generation   total 4928K, used 511K [0x03c00000, 0x04150000, 0x09150000)
  eden space 4416K,   0% used [0x03c00000, 0x03c00000, 0x04050000)
  from space 512K,  99% used [0x04050000, 0x040cfff8, 0x040d0000)
  to   space 512K,   0% used [0x040d0000, 0x040d0000, 0x04150000)
 tenured generation   total 10944K, used 731K [0x09150000, 0x09c00000, 0x13c00000)
   the space 10944K,   6% used [0x09150000, 0x09206c98, 0x09206e00, 0x09c00000)
 Metaspace       used 666K, capacity 2615K, committed 2624K, reserved 4480K
}
Event: 0.346 GC heap before
{Heap before GC invocations=4 (full 0):
 def new generation   total 4928K, used 4927K [0x03c00000, 0x04150000, 0x09150000)
  eden space 4416K, 100% used [0x03c00000, 0x04050000, 0x04050000)
  from space 512K,  99% used [0x04050000, 0x040cfff8, 0x040d0000)
  to   space 512K,   0% used [0x040d0000, 0x040d0000, 0x04150000)
 tenured generation   total 10944K, used 731K [0x09150000, 0x09c00000, 0x13c00000)
   the space 10944K,   6% used [0x09150000, 0x09206c98, 0x09206e00, 0x09c00000)
 Metaspace       used 1485K, capacity 3122K, committed 3136K, reserved 4480K
Event: 0.351 GC heap after
Heap after GC invocations=5 (full 0):
 def new generation   total 4928K, used 512K [0x03c00000, 0x04150000, 0x09150000)
  eden space 4416K,   0% used [0x03c00000, 0x03c00000, 0x04050000)
  from space 512K, 100% used [0x040d0000, 0x04150000, 0x04150000)
  to   space 512K,   0% used [0x04050000, 0x04050000, 0x040d0000)
 tenured generation   total 10944K, used 1524K [0x09150000, 0x09c00000, 0x13c00000)
   the space 10944K,  13% used [0x09150000, 0x092cd120, 0x092cd200, 0x09c00000)
 Metaspace       used 1485K, capacity 3122K, committed 3136K, reserved 4480K
}

