# JRE version: Java(TM) SE Runtime Environment (8.0_40-b26) (build 1.8.0_40-b26)
# Java VM: Java HotSpot(TM) Client VM (25.40-b25 mixed mode, sharing windows-x86 )
Heap:
 def new generation   total 4928K, used 1547K [0x03e00000, 0x04350000, 0x09350000)
  eden space 4416K,  23% used [0x03e00000, 0x03f02de0, 0x04250000)
  from space 512K, 100% used [0x04250000, 0x042d0000, 0x042d0000)
  to   space 512K,   0% used [0x042d0000, 0x042d0000, 0x04350000)
 tenured generation   total 10944K, used 2104K [0x09350000, 0x09e00000, 0x13e00000)
   the space 10944K,  19% used [0x09350000, 0x0955e0d0, 0x0955e200, 0x09e00000)
 Metaspace       used 2819K, capacity 3768K, committed 3776K, reserved 4480K
GC Heap History (10 events):
Event: 0.644 GC heap before
{Heap before GC invocations=1 (full 0):
 def new generation   total 4928K, used 4923K [0x03e00000, 0x04350000, 0x09350000)
  eden space 4416K,  99% used [0x03e00000, 0x0424f1b8, 0x04250000)
  from space 512K,  99% used [0x042d0000, 0x0434faa0, 0x04350000)
  to   space 512K,   0% used [0x04250000, 0x04250000, 0x042d0000)
 tenured generation   total 10944K, used 95K [0x09350000, 0x09e00000, 0x13e00000)
   the space 10944K,   0% used [0x09350000, 0x09367de0, 0x09367e00, 0x09e00000)
 Metaspace       used 73K, capacity 2280K, committed 2368K, reserved 4480K
Event: 0.646 GC heap after
Heap after GC invocations=2 (full 0):
 def new generation   total 4928K, used 32K [0x03e00000, 0x04350000, 0x09350000)
  eden space 4416K,   0% used [0x03e00000, 0x03e00000, 0x04250000)
  from space 512K,   6% used [0x04250000, 0x04258108, 0x042d0000)
  to   space 512K,   0% used [0x042d0000, 0x042d0000, 0x04350000)
 tenured generation   total 10944K, used 585K [0x09350000, 0x09e00000, 0x13e00000)
   the space 10944K,   5% used [0x09350000, 0x093e2420, 0x093e2600, 0x09e00000)
 Metaspace       used 73K, capacity 2280K, committed 2368K, reserved 4480K
}
Event: 0.650 GC heap before
{Heap before GC invocations=2 (full 0):
 def new generation   total 4928K, used 4429K [0x03e00000, 0x04350000, 0x09350000)
  eden space 4416K,  99% used [0x03e00000, 0x0424b348, 0x04250000)
  from space 512K,   6% used [0x04250000, 0x04258108, 0x042d0000)
  to   space 512K,   0% used [0x042d0000, 0x042d0000, 0x04350000)
 tenured generation   total 10944K, used 585K [0x09350000, 0x09e00000, 0x13e00000)
   the space 10944K,   5% used [0x09350000, 0x093e2420, 0x093e2600, 0x09e00000)
 Metaspace       used 74K, capacity 2280K, committed 2368K, reserved 4480K
Event: 0.651 GC heap after
Heap after GC invocations=3 (full 0):
 def new generation   total 4928K, used 42K [0x03e00000, 0x04350000, 0x09350000)
  eden space 4416K,   0% used [0x03e00000, 0x03e00000, 0x04250000)
  from space 512K,   8% used [0x042d0000, 0x042dabf0, 0x04350000)
  to   space 512K,   0% used [0x04250000, 0x04250000, 0x042d0000)
 tenured generation   total 10944K, used 585K [0x09350000, 0x09e00000, 0x13e00000)
   the space 10944K,   5% used [0x09350000, 0x093e2420, 0x093e2600, 0x09e00000)
 Metaspace       used 74K, capacity 2280K, committed 2368K, reserved 4480K
}
Event: 1.178 GC heap before
{Heap before GC invocations=3 (full 0):
 def new generation   total 4928K, used 4458K [0x03e00000, 0x04350000, 0x09350000)
  eden space 4416K, 100% used [0x03e00000, 0x04250000, 0x04250000)
  from space 512K,   8% used [0x042d0000, 0x042dabf0, 0x04350000)
  to   space 512K,   0% used [0x04250000, 0x04250000, 0x042d0000)
 tenured generation   total 10944K, used 585K [0x09350000, 0x09e00000, 0x13e00000)
   the space 10944K,   5% used [0x09350000, 0x093e2420, 0x093e2600, 0x09e00000)
 Metaspace       used 460K, capacity 2632K, committed 2752K, reserved 4480K
Event: 1.181 GC heap after
Heap after GC invocations=4 (full 0):
 def new generation   total 4928K, used 511K [0x03e00000, 0x04350000, 0x09350000)
  eden space 4416K,   0% used [0x03e00000, 0x03e00000, 0x04250000)
  from space 512K,  99% used [0x04250000, 0x042cffc0, 0x042d0000)
  to   space 512K,   0% used [0x042d0000, 0x042d0000, 0x04350000)
 tenured generation   total 10944K, used 642K [0x09350000, 0x09e00000, 0x13e00000)
   the space 10944K,   5% used [0x09350000, 0x093f0bc0, 0x093f0c00, 0x09e00000)
 Metaspace       used 460K, capacity 2632K, committed 2752K, reserved 4480K
}
Event: 1.577 GC heap before
{Heap before GC invocations=4 (full 0):
 def new generation   total 4928K, used 4927K [0x03e00000, 0x04350000, 0x09350000)
  eden space 4416K, 100% used [0x03e00000, 0x04250000, 0x04250000)
  from space 512K,  99% used [0x04250000, 0x042cffc0, 0x042d0000)
  to   space 512K,   0% used [0x042d0000, 0x042d0000, 0x04350000)
 tenured generation   total 10944K, used 642K [0x09350000, 0x09e00000, 0x13e00000)
   the space 10944K,   5% used [0x09350000, 0x093f0bc0, 0x093f0c00, 0x09e00000)
 Metaspace       used 1312K, capacity 3187K, committed 3264K, reserved 4480K
Event: 1.581 GC heap after
Heap after GC invocations=5 (full 0):
 def new generation   total 4928K, used 512K [0x03e00000, 0x04350000, 0x09350000)
  eden space 4416K,   0% used [0x03e00000, 0x03e00000, 0x04250000)
  from space 512K, 100% used [0x042d0000, 0x04350000, 0x04350000)
  to   space 512K,   0% used [0x04250000, 0x04250000, 0x042d0000)
 tenured generation   total 10944K, used 1315K [0x09350000, 0x09e00000, 0x13e00000)
   the space 10944K,  12% used [0x09350000, 0x09498fe8, 0x09499000, 0x09e00000)
 Metaspace       used 1312K, capacity 3187K, committed 3264K, reserved 4480K
}
Event: 2.320 GC heap before
{Heap before GC invocations=5 (full 0):
 def new generation   total 4928K, used 4928K [0x03e00000, 0x04350000, 0x09350000)
  eden space 4416K, 100% used [0x03e00000, 0x04250000, 0x04250000)
  from space 512K, 100% used [0x042d0000, 0x04350000, 0x04350000)
  to   space 512K,   0% used [0x04250000, 0x04250000, 0x042d0000)
 tenured generation   total 10944K, used 1315K [0x09350000, 0x09e00000, 0x13e00000)
   the space 10944K,  12% used [0x09350000, 0x09498fe8, 0x09499000, 0x09e00000)
 Metaspace       used 2152K, capacity 3704K, committed 3776K, reserved 4480K
Event: 2.329 GC heap after
Heap after GC invocations=6 (full 0):
 def new generation   total 4928K, used 512K [0x03e00000, 0x04350000, 0x09350000)
  eden space 4416K,   0% used [0x03e00000, 0x03e00000, 0x04250000)
  from space 512K, 100% used [0x04250000, 0x042d0000, 0x042d0000)
  to   space 512K,   0% used [0x042d0000, 0x042d0000, 0x04350000)
 tenured generation   total 10944K, used 2104K [0x09350000, 0x09e00000, 0x13e00000)
   the space 10944K,  19% used [0x09350000, 0x0955e0d0, 0x0955e200, 0x09e00000)
 Metaspace       used 2152K, capacity 3704K, committed 3776K, reserved 4480K
}

